POST /api/user/register ::1
POST /api/user/register ::1
POST /api/users/register ::1
POST /api/users/register ::1
POST /api/users/log ::1
POST /api/users/login ::1
POST /api/users/login ::1
POST /api/users/login ::1
POST /api/users/login ::1
POST /api/users/log ::1
POST /api/users/register ::1
POST /api/users/register ::1
POST /api/users/register ::1
POST /api/users/register ::1
POST /api/users/register ::1
POST /api/users/register ::1
POST /api/users/register ::1
POST /api/users/register ::1
POST /api/users/register ::1
POST /api/users/login ::1
POST /api/users/register ::1
POST /api/users/login ::1
POST /api/users/register ::1
POST /api/users/login ::1
POST /api/users/login ::1
POST /api/members/addmember ::1
POST /api/members/addmember ::1
POST /api/members/addmember ::1
POST /api/members/addmember ::1
POST /api/members/addmember ::1
POST /api/members/addmember ::1
POST /api/members/addmember ::1
POST /api/members/addmember ::1
POST /api/members/addmember ::1
POST /api/members/addmember ::1
POST /api/members/addmember ::1
POST /api/members/addmember ::1
POST /api/members/addmember ::1
POST /api/members/addmember ::1
POST /api/members/addmember ::1
POST /api/members/addmember ::1
POST /api/members/addmember ::1
GET /api/members/addedmembers ::1
POST /api/members/update/prakash%20raj ::1
GET /api/members/addedmember ::1
GET /api/members/addedmembers ::1
POST /api/members/update/6801ff5a71aa7676819ae16e ::1
POST /api/members/update/6801ff5a71aa7676819ae16e ::1
POST /api/members/update/6801ff5a71aa7676819ae16e ::1
POST /api/members/update/6801ff5a71aa7676819ae16e ::1
POST /api/members/update/6801ff5a71aa7676819ae16e ::1
POST /api/users/login ::1
POST /api/members/update/6801ff5a71aa7676819ae16e ::1
POST /api/members/update/:6801ff5a71aa7676819ae16e ::1
POST /api/members/addmember ::1
GET /api/members/addedmember ::1
GET /api/members/addedmembers ::1
POST /api/members/update/6801ff5a71aa7676819ae16e ::1
PUT /api/members/update/6801ff5a71aa7676819ae16e ::1
PUT /api/members/update/6801ff5a71aa7676819ae16e ::1
PUT /api/members/update/6801ff5a71aa7676819ae16e ::1
PUT /api/members/update/6801ff5a71aa7676819ae16e ::1
DELETE /api/members/update/680202b33755a44cea30d05a ::1
DELETE /api/members/delete/680202b33755a44cea30d05a ::1
POST /api/tickets/create ::1
POST /api/tickets/create ::1
POST /api/tickets/create ::1
POST /api/tickets/create ::1
POST /api/tickets/create ::1
POST /api/tickets/ ::1
POST /api/tickets/create ::1
POST /api/tickets/create ::1
POST /api/tickets/create ::1
POST /api/tickets/create ::1
GET /api/tickets/update/680222b0ebea9f3e1bf09ebf ::1
PUT /api/tickets/update/680222b0ebea9f3e1bf09ebf ::1
PUT /api/tickets/update/680222b0ebea9f3e1bf09ebf ::1
PUT /api/tickets/usermessage/680222b0ebea9f3e1bf09ebf ::1
