[2025-04-18T06:05:51.738Z] SyntaxError: Expected property name or '}' in JSON at position 5 (line 2 column 3)
    at JSON.parse (<anonymous>)
    at parse (D:\project_2\server\node_modules\body-parser\lib\types\json.js:77:19)
    at D:\project_2\server\node_modules\body-parser\lib\read.js:123:18
    at AsyncResource.runInAsyncScope (node:async_hooks:211:14)
    at invokeCallback (D:\project_2\server\node_modules\raw-body\index.js:238:16)
    at done (D:\project_2\server\node_modules\raw-body\index.js:227:7)
    at IncomingMessage.onEnd (D:\project_2\server\node_modules\raw-body\index.js:287:7)
    at IncomingMessage.emit (node:events:518:28)
    at endReadableNT (node:internal/streams/readable:1698:12)
    at process.processTicksAndRejections (node:internal/process/task_queues:90:21)
[2025-04-18T06:07:35.762Z] ValidationError: Users validation failed: firstName: Path `firstName` is required., lastName: Path `lastName` is required.
    at Document.invalidate (D:\project_2\server\node_modules\mongoose\lib\document.js:3351:32)
    at D:\project_2\server\node_modules\mongoose\lib\document.js:3112:17
    at D:\project_2\server\node_modules\mongoose\lib\schemaType.js:1407:9
    at process.processTicksAndRejections (node:internal/process/task_queues:85:11)
[2025-04-18T06:12:22.594Z] SyntaxError: Expected double-quoted property name in JSON at position 80 (line 4 column 1)
    at JSON.parse (<anonymous>)
    at parse (D:\project_2\server\node_modules\body-parser\lib\types\json.js:77:19)
    at D:\project_2\server\node_modules\body-parser\lib\read.js:123:18
    at AsyncResource.runInAsyncScope (node:async_hooks:211:14)
    at invokeCallback (D:\project_2\server\node_modules\raw-body\index.js:238:16)
    at done (D:\project_2\server\node_modules\raw-body\index.js:227:7)
    at IncomingMessage.onEnd (D:\project_2\server\node_modules\raw-body\index.js:287:7)
    at IncomingMessage.emit (node:events:518:28)
    at endReadableNT (node:internal/streams/readable:1698:12)
    at process.processTicksAndRejections (node:internal/process/task_queues:90:21)
[2025-04-18T07:17:03.235Z] ValidationError: Users validation failed: password: Path `password` is required., lastName: Path `lastName` is required., firstName: Path `firstName` is required.
    at Document.invalidate (D:\project_2\server\node_modules\mongoose\lib\document.js:3351:32)
    at D:\project_2\server\node_modules\mongoose\lib\document.js:3112:17
    at D:\project_2\server\node_modules\mongoose\lib\schemaType.js:1407:9
    at process.processTicksAndRejections (node:internal/process/task_queues:85:11)
[2025-04-18T07:17:16.449Z] ValidationError: Users validation failed: password: Path `password` is required., lastName: Path `lastName` is required., firstName: Path `firstName` is required.
    at Document.invalidate (D:\project_2\server\node_modules\mongoose\lib\document.js:3351:32)
    at D:\project_2\server\node_modules\mongoose\lib\document.js:3112:17
    at D:\project_2\server\node_modules\mongoose\lib\schemaType.js:1407:9
    at process.processTicksAndRejections (node:internal/process/task_queues:85:11)
[2025-04-18T12:04:12.164Z] SyntaxError: Unexpected token ':', ..."yourName":: "Enter y"... is not valid JSON
    at JSON.parse (<anonymous>)
    at parse (D:\project_2\server\node_modules\body-parser\lib\types\json.js:77:19)
    at D:\project_2\server\node_modules\body-parser\lib\read.js:123:18
    at AsyncResource.runInAsyncScope (node:async_hooks:211:14)
    at invokeCallback (D:\project_2\server\node_modules\raw-body\index.js:238:16)
    at done (D:\project_2\server\node_modules\raw-body\index.js:227:7)
    at IncomingMessage.onEnd (D:\project_2\server\node_modules\raw-body\index.js:287:7)
    at IncomingMessage.emit (node:events:518:28)
    at endReadableNT (node:internal/streams/readable:1698:12)
    at process.processTicksAndRejections (node:internal/process/task_queues:90:21)
[2025-04-18T12:05:13.811Z] SyntaxError: Expected double-quoted property name in JSON at position 69 (line 5 column 1)
    at JSON.parse (<anonymous>)
    at parse (D:\project_2\server\node_modules\body-parser\lib\types\json.js:77:19)
    at D:\project_2\server\node_modules\body-parser\lib\read.js:123:18
    at AsyncResource.runInAsyncScope (node:async_hooks:211:14)
    at invokeCallback (D:\project_2\server\node_modules\raw-body\index.js:238:16)
    at done (D:\project_2\server\node_modules\raw-body\index.js:227:7)
    at IncomingMessage.onEnd (D:\project_2\server\node_modules\raw-body\index.js:287:7)
    at IncomingMessage.emit (node:events:518:28)
    at endReadableNT (node:internal/streams/readable:1698:12)
    at process.processTicksAndRejections (node:internal/process/task_queues:90:21)
